<?xml version="1.0" encoding="UTF-8"?>
<!-- Generated by org.testng.reporters.JUnitXMLReporter -->
<testsuite ignored="1" hostname="Abdul" failures="1" tests="2" name="Test" time="15.41" errors="0" timestamp="2025-07-29T20:38:01 IST">
  <testcase classname="testcases.Tc_001_AccountRegistrationTest" name="VerifyAccRegPage" time="3.197"/>
  <testcase classname="testcases.TC_002_LoginPageTest" name="verify_Login" time="3.142">
    <failure type="java.lang.AssertionError" message="expected [true] but found [false]">
      <![CDATA[java.lang.AssertionError: expected [true] but found [false]
at testcases.TC_002_LoginPageTest.verify_Login(TC_002_LoginPageTest.java:34)
at java.base/java.util.ArrayList.forEach(ArrayList.java:1604)
... Removed 29 stack frames]]>
    </failure>
  </testcase> <!-- verify_Login -->
  <testcase classname="testcases.TC_003_LoginDDT" name="verify_loginDDT" time="0.0">
    <ignored/>
  </testcase> <!-- verify_loginDDT -->
</testsuite> <!-- Test -->
