<?xml version="1.0" encoding="UTF-8"?>
<testng-results ignored="0" total="2" passed="1" failed="1" skipped="0">
  <reporter-output>
  </reporter-output>
  <suite started-at="2025-07-29T20:37:45 IST" name="master Suite" finished-at="2025-07-29T20:38:00 IST" duration-ms="15410">
    <groups>
      <group name="Master">
        <method signature="TC_002_LoginPageTest.verify_Login()[pri:0, instance:testcases.TC_002_LoginPageTest@53142455]" name="verify_Login" class="testcases.TC_002_LoginPageTest"/>
        <method signature="Tc_001_AccountRegistrationTest.VerifyAccRegPage()[pri:0, instance:testcases.Tc_001_AccountRegistrationTest@56e8b606]" name="VerifyAccRegPage" class="testcases.Tc_001_AccountRegistrationTest"/>
      </group> <!-- Master -->
      <group name="Sanity">
        <method signature="TC_002_LoginPageTest.verify_Login()[pri:0, instance:testcases.TC_002_LoginPageTest@53142455]" name="verify_Login" class="testcases.TC_002_LoginPageTest"/>
      </group> <!-- Sanity -->
      <group name="Regression">
        <method signature="Tc_001_AccountRegistrationTest.VerifyAccRegPage()[pri:0, instance:testcases.Tc_001_AccountRegistrationTest@56e8b606]" name="VerifyAccRegPage" class="testcases.Tc_001_AccountRegistrationTest"/>
      </group> <!-- Regression -->
    </groups>
    <test started-at="2025-07-29T20:37:45 IST" name="Test" finished-at="2025-07-29T20:38:00 IST" duration-ms="15410">
      <class name="testcases.TC_002_LoginPageTest">
        <test-method is-config="true" signature="setUp(java.lang.String,java.lang.String)[pri:0, instance:testcases.TC_002_LoginPageTest@53142455]" started-at="2025-07-29T20:37:55 IST" name="setUp" finished-at="2025-07-29T20:37:57 IST" duration-ms="2208" status="PASS">
          <params>
            <param index="0">
              <value>
                <![CDATA[Windows]]>
              </value>
            </param>
            <param index="1">
              <value>
                <![CDATA[chrome]]>
              </value>
            </param>
          </params>
          <reporter-output>
          </reporter-output>
        </test-method> <!-- setUp -->
        <test-method signature="verify_Login()[pri:0, instance:testcases.TC_002_LoginPageTest@53142455]" started-at="2025-07-29T20:37:57 IST" name="verify_Login" finished-at="2025-07-29T20:38:00 IST" duration-ms="3142" status="FAIL">
          <exception class="java.lang.AssertionError">
            <message>
              <![CDATA[expected [true] but found [false]]]>
            </message>
            <full-stacktrace>
              <![CDATA[java.lang.AssertionError: expected [true] but found [false]
at org.testng.Assert.fail(Assert.java:111)
at org.testng.Assert.failNotEquals(Assert.java:1578)
at org.testng.Assert.assertTrue(Assert.java:57)
at org.testng.Assert.assertTrue(Assert.java:67)
at testcases.TC_002_LoginPageTest.verify_Login(TC_002_LoginPageTest.java:34)
at java.base/jdk.internal.reflect.DirectMethodHandleAccessor.invoke(DirectMethodHandleAccessor.java:104)
at java.base/java.lang.reflect.Method.invoke(Method.java:565)
at org.testng.internal.invokers.MethodInvocationHelper.invokeMethod(MethodInvocationHelper.java:141)
at org.testng.internal.invokers.TestInvoker.invokeMethod(TestInvoker.java:686)
at org.testng.internal.invokers.TestInvoker.invokeTestMethod(TestInvoker.java:230)
at org.testng.internal.invokers.MethodRunner.runInSequence(MethodRunner.java:63)
at org.testng.internal.invokers.TestInvoker$MethodInvocationAgent.invoke(TestInvoker.java:992)
at org.testng.internal.invokers.TestInvoker.invokeTestMethods(TestInvoker.java:203)
at org.testng.internal.invokers.TestMethodWorker.invokeTestMethods(TestMethodWorker.java:154)
at org.testng.internal.invokers.TestMethodWorker.run(TestMethodWorker.java:134)
at java.base/java.util.ArrayList.forEach(ArrayList.java:1604)
at org.testng.TestRunner.privateRun(TestRunner.java:739)
at org.testng.TestRunner.run(TestRunner.java:614)
at org.testng.SuiteRunner.runTest(SuiteRunner.java:421)
at org.testng.SuiteRunner.runSequentially(SuiteRunner.java:413)
at org.testng.SuiteRunner.privateRun(SuiteRunner.java:373)
at org.testng.SuiteRunner.run(SuiteRunner.java:312)
at org.testng.SuiteRunnerWorker.runSuite(SuiteRunnerWorker.java:52)
at org.testng.SuiteRunnerWorker.run(SuiteRunnerWorker.java:95)
at org.testng.TestNG.runSuitesSequentially(TestNG.java:1274)
at org.testng.TestNG.runSuitesLocally(TestNG.java:1208)
at org.testng.TestNG.runSuites(TestNG.java:1112)
at org.testng.TestNG.run(TestNG.java:1079)
at org.testng.remote.AbstractRemoteTestNG.run(AbstractRemoteTestNG.java:115)
at org.testng.remote.RemoteTestNG.initAndRun(RemoteTestNG.java:293)
at org.testng.remote.RemoteTestNG.main(RemoteTestNG.java:91)
]]>
            </full-stacktrace>
          </exception> <!-- java.lang.AssertionError -->
          <reporter-output>
          </reporter-output>
        </test-method> <!-- verify_Login -->
        <test-method is-config="true" signature="tearDown()[pri:0, instance:testcases.TC_002_LoginPageTest@53142455]" started-at="2025-07-29T20:38:00 IST" name="tearDown" finished-at="2025-07-29T20:38:00 IST" duration-ms="27" status="PASS">
          <reporter-output>
          </reporter-output>
        </test-method> <!-- tearDown -->
      </class> <!-- testcases.TC_002_LoginPageTest -->
      <class name="testcases.Tc_001_AccountRegistrationTest">
        <test-method is-config="true" signature="setUp(java.lang.String,java.lang.String)[pri:0, instance:testcases.Tc_001_AccountRegistrationTest@56e8b606]" started-at="2025-07-29T20:37:45 IST" name="setUp" finished-at="2025-07-29T20:37:51 IST" duration-ms="6302" status="PASS">
          <params>
            <param index="0">
              <value>
                <![CDATA[Windows]]>
              </value>
            </param>
            <param index="1">
              <value>
                <![CDATA[chrome]]>
              </value>
            </param>
          </params>
          <reporter-output>
          </reporter-output>
        </test-method> <!-- setUp -->
        <test-method signature="VerifyAccRegPage()[pri:0, instance:testcases.Tc_001_AccountRegistrationTest@56e8b606]" started-at="2025-07-29T20:37:51 IST" name="VerifyAccRegPage" finished-at="2025-07-29T20:37:54 IST" duration-ms="3197" status="PASS">
          <reporter-output>
          </reporter-output>
        </test-method> <!-- VerifyAccRegPage -->
        <test-method is-config="true" signature="tearDown()[pri:0, instance:testcases.Tc_001_AccountRegistrationTest@56e8b606]" started-at="2025-07-29T20:37:54 IST" name="tearDown" finished-at="2025-07-29T20:37:55 IST" duration-ms="213" status="PASS">
          <reporter-output>
          </reporter-output>
        </test-method> <!-- tearDown -->
      </class> <!-- testcases.Tc_001_AccountRegistrationTest -->
    </test> <!-- Test -->
  </suite> <!-- master Suite -->
</testng-results>
